<?xml version="1.0" encoding="UTF-8"?>
<!-- Generated by org.testng.reporters.JUnitReportReporter -->
<testsuite hostname="KQ-LP-034" failures="0" tests="1" name="com.kiwiqa.demoqatestng.FullFlowDemoQA" time="11.480" errors="0" timestamp="2024-06-27T16:05:40 IST" skipped="0">
  <testcase classname="com.kiwiqa.demoqatestng.FullFlowDemoQA" name="formFill" time="11.480"/>
</testsuite> <!-- com.kiwiqa.demoqatestng.FullFlowDemoQA -->
