<?xml version="1.0" encoding="UTF-8"?>
<!-- Generated by org.testng.reporters.JUnitReportReporter -->
<testsuite hostname="KQ-LP-034" failures="0" tests="1" name="com.kiwiqa.demoqatestng.FullFlowDemoQA" time="17.883" errors="0" timestamp="2024-06-27T16:10:47 IST" skipped="0">
  <testcase classname="com.kiwiqa.demoqatestng.FullFlowDemoQA" name="formFill" time="17.883"/>
</testsuite> <!-- com.kiwiqa.demoqatestng.FullFlowDemoQA -->
